00000000                                     1  * A deve semplicemente inviare M messaggi al nodo B tramite USART
00008000                                     2  	ORG	$8000
00008000  =00002002                          3  USART	EQU	$2002
00008000  =0000000C                          4  N	EQU	12	* Numero di bytes tot da mandare 4*3
00008000  61 62 63 64 65 66 67 31 30 ...     5  BUFF	DC.B	'abcdefg10hi0'
0000800C                                     6  
00008100                                     7  	ORG	$8100
00008100  4EB9 00008200                      8  MAIN	JSR	USARTIN	
00008106  4EB9 00008218                      9  	JSR	SEND	* Anche qui le interrupt non le abilito
0000810C  4EF9 0000810C                     10  LOOP	JMP	LOOP
00008112                                    11  
00008200                                    12  	ORG	$8200
00008200  48E7 0080                         13  USARTIN	MOVEM.L	A0,-(A7)
00008204  207C 00002003                     14  	MOVEA.L	#USART+1,A0
0000820A  10BC 005D                         15  	MOVE.B	#%01011101,(A0)
0000820E  10BC 0033                         16  	MOVE.B	#%00110011,(A0)
00008212  4CDF 0100                         17  	MOVEM.L	(A7)+,A0
00008216  4E75                              18  	RTS
00008218                                    19  
00008218  48E7 E0E0                         20  SEND	MOVEM.L	A0-A2/D0-D2,-(A7)
0000821C  207C 00002002                     21  	MOVEA.L	#USART,A0
00008222  227C 00002003                     22  	MOVEA.L	#USART+1,A1
00008228  247C 00008000                     23  	MOVEA.L	#BUFF,A2
0000822E                                    24  	
0000822E  4282                              25  	CLR.L	D2
00008230                                    26  
00008230  103C 000A                         27  LOOP1 MOVE.B	#10,D0		* Eseguo un ciclo bloccante per non far andare in overrun il ricevitore
00008234  4E71                              28  LOOP2	NOP
00008236  51C8 FFFC                         29  	DBRA	D0,LOOP2
0000823A                                    30  
0000823A  4280                              31  	CLR.L	D0
0000823C                                    32  	
0000823C  B43C 000C                         33  	CMP.B	#N,D2
00008240  6700 0016                         34  	BEQ	FINE
00008244                                    35  	
00008244  1211                              36  POLL	MOVE.B	(A1),D1	* Polling per vedere se DSR e TxRdy sono alti (dsr è in più)
00008246  0201 0081                         37  	ANDI.B	#%10000001,D1
0000824A  B23C 0081                         38  	CMP.B	#%10000001,D1
0000824E  66F4                              39  	BNE	POLL
00008250                                    40  
00008250  10B2 0000                         41  	MOVE.B	(A2,D0),(A0) * Mando il dato
00008254                                    42  
00008254                                    43  
00008254                                    44  
00008254  5202                              45  	ADD.B	#1,D2
00008256  60D8                              46  	BRA	LOOP1
00008258                                    47  
00008258  4CDF 0703                         48  FINE	MOVEM.L	(A7)+,A0-A2/D0-D1
0000825C  4E75                              49  	RTS
0000825E                                    50  	
0000825E                                    51  	END	MAIN

No errors detected
No warnings generated
